[debug] [2024-10-14T07:09:25.567Z] ----------------------------------------------------------------------
[debug] [2024-10-14T07:09:25.569Z] Command:       C:\Program Files\nodejs\node.exe C:\Users\truon\AppData\Roaming\npm\node_modules\firebase-tools\lib\bin\firebase.js init
[debug] [2024-10-14T07:09:25.569Z] CLI Version:   13.22.0
[debug] [2024-10-14T07:09:25.569Z] Platform:      win32
[debug] [2024-10-14T07:09:25.569Z] Node Version:  v21.7.3
[debug] [2024-10-14T07:09:25.570Z] Time:          Mon Oct 14 2024 14:09:25 GMT+0700 (Indochina Time)
[debug] [2024-10-14T07:09:25.570Z] ----------------------------------------------------------------------
[debug] 
[debug] [2024-10-14T07:09:25.576Z] > command requires scopes: ["email","openid","https://www.googleapis.com/auth/cloudplatformprojects.readonly","https://www.googleapis.com/auth/firebase","https://www.googleapis.com/auth/cloud-platform"]
[debug] [2024-10-14T07:09:25.576Z] > authorizing via signed-in user (olivierfc237@gmail.com)
[info] 
     ######## #### ########  ######## ########     ###     ######  ########
     ##        ##  ##     ## ##       ##     ##  ##   ##  ##       ##
     ######    ##  ########  ######   ########  #########  ######  ######
     ##        ##  ##    ##  ##       ##     ## ##     ##       ## ##
     ##       #### ##     ## ######## ########  ##     ##  ######  ########

You're about to initialize a Firebase project in this directory:

  D:\01.Code\07.web\TOT

[info] 
=== Project Setup
[info] 
[info] First, let's associate this project directory with a Firebase project.
[info] You can create multiple project aliases by running firebase use --add, 
[info] but for now we'll just set up a default project.
[info] 
[debug] [2024-10-14T07:09:39.598Z] Checked if tokens are valid: true, expires at: 1728893355955
[debug] [2024-10-14T07:09:39.599Z] Checked if tokens are valid: true, expires at: 1728893355955
[debug] [2024-10-14T07:09:39.601Z] >>> [apiv2][query] GET https://firebase.googleapis.com/v1beta1/projects pageSize=100
[debug] [2024-10-14T07:09:40.258Z] <<< [apiv2][status] GET https://firebase.googleapis.com/v1beta1/projects 200
[debug] [2024-10-14T07:09:40.258Z] <<< [apiv2][body] GET https://firebase.googleapis.com/v1beta1/projects [omitted]
[info] i  Using project ladingpage-83f40 (ladingpage) 
[info] 
=== Hosting Setup
[debug] [2024-10-14T07:09:41.942Z] Checked if tokens are valid: true, expires at: 1728893355955
[debug] [2024-10-14T07:09:41.942Z] Checked if tokens are valid: true, expires at: 1728893355955
[debug] [2024-10-14T07:09:41.942Z] >>> [apiv2][query] GET https://firebase.googleapis.com/v1beta1/projects/ladingpage-83f40 [none]
[debug] [2024-10-14T07:09:42.234Z] <<< [apiv2][status] GET https://firebase.googleapis.com/v1beta1/projects/ladingpage-83f40 200
[debug] [2024-10-14T07:09:42.234Z] <<< [apiv2][body] GET https://firebase.googleapis.com/v1beta1/projects/ladingpage-83f40 {"projectId":"ladingpage-83f40","projectNumber":"1007848051122","displayName":"ladingpage","name":"projects/ladingpage-83f40","resources":{"hostingSite":"ladingpage-83f40"},"state":"ACTIVE","etag":"1_9429d7cc-0679-40de-96f5-66ebb600daf6"}
[info] 
[info] Your public directory is the folder (relative to your project directory) that
[info] will contain Hosting assets to be uploaded with firebase deploy. If you
[info] have a build process for your assets, use your build's output directory.
[info] 
